customer-profiling/customerProfiling/build/outputs/logs/manifest-merger-debug-report.txt
-- Merging decision tree log ---
manifest
ADDED from src/main/AndroidManifest.xml:2:1-34:12
	package
		ADDED from src/main/AndroidManifest.xml:3:5-52
		INJECTED from src/main/AndroidManifest.xml
		INJECTED from src/main/AndroidManifest.xml
	android:versionName
		INJECTED from src/main/AndroidManifest.xml
		INJECTED from src/main/AndroidManifest.xml
	xmlns:android
		ADDED from src/main/AndroidManifest.xml:2:11-69
	android:versionCode
		INJECTED from src/main/AndroidManifest.xml
		INJECTED from src/main/AndroidManifest.xml
uses-permission#android.permission.INTERNET
ADDED from src/main/AndroidManifest.xml:5:5-67
MERGED from [:iotf-library-debug:] AndroidManifest.xml:11:5-67
	android:name
		ADDED from src/main/AndroidManifest.xml:5:22-64
uses-permission#android.permission.RECEIVE_BOOT_COMPLETED
ADDED from src/main/AndroidManifest.xml:6:5-81
	android:name
		ADDED from src/main/AndroidManifest.xml:6:22-78
application
ADDED from src/main/AndroidManifest.xml:8:5-32:19
MERGED from [com.google.android.gms:play-services-plus:6.5.87] AndroidManifest.xml:19:5-20
MERGED from [com.google.android.gms:play-services-base:6.5.87] AndroidManifest.xml:20:5-24:19
MERGED from [com.android.support:support-v4:21.0.0] AndroidManifest.xml:16:5-19
MERGED from [:iotf-library-debug:] AndroidManifest.xml:15:5-19:19
	android:label
		ADDED from src/main/AndroidManifest.xml:11:9-41
	android:allowBackup
		ADDED from src/main/AndroidManifest.xml:9:9-35
	android:icon
		ADDED from src/main/AndroidManifest.xml:10:9-43
receiver#fr.bouyguestelecom.tv.bridge.customer.receiver.BootCompletedReceiver
ADDED from src/main/AndroidManifest.xml:13:9-17:20
	android:name
		ADDED from src/main/AndroidManifest.xml:13:19-65
intent-filter#android.intent.action.BOOT_COMPLETED
ADDED from src/main/AndroidManifest.xml:14:13-16:29
action#android.intent.action.BOOT_COMPLETED
ADDED from src/main/AndroidManifest.xml:15:17-79
	android:name
		ADDED from src/main/AndroidManifest.xml:15:25-76
service#fr.bouyguestelecom.tv.bridge.customer.CustomerProfilingService
ADDED from src/main/AndroidManifest.xml:19:9-30:19
	android:enabled
		ADDED from src/main/AndroidManifest.xml:21:13-35
	android:label
		ADDED from src/main/AndroidManifest.xml:23:13-45
	android:exported
		ADDED from src/main/AndroidManifest.xml:22:13-36
	android:name
		ADDED from src/main/AndroidManifest.xml:20:13-53
intent-filter#android.intent.category.DEFAULT+fr.bouyguestelecom.tv.bridge.IBboxBridge
ADDED from src/main/AndroidManifest.xml:25:13-28:29
action#fr.bouyguestelecom.tv.bridge.IBboxBridge
ADDED from src/main/AndroidManifest.xml:26:17-83
	android:name
		ADDED from src/main/AndroidManifest.xml:26:25-80
category#android.intent.category.DEFAULT
ADDED from src/main/AndroidManifest.xml:27:17-76
	android:name
		ADDED from src/main/AndroidManifest.xml:27:27-73
uses-sdk
INJECTED from src/main/AndroidManifest.xml reason: use-sdk injection requested
MERGED from [com.android.support:multidex:1.0.1] AndroidManifest.xml:18:5-42
MERGED from [com.google.android.gms:play-services-plus:6.5.87] AndroidManifest.xml:18:5-42
MERGED from [com.google.android.gms:play-services-base:6.5.87] AndroidManifest.xml:18:5-42
MERGED from [com.android.support:support-v4:21.0.0] AndroidManifest.xml:15:5-42
MERGED from [:iotf-library-debug:] AndroidManifest.xml:7:5-9:41
MERGED from [:app-debug:] AndroidManifest.xml:7:5-9:41
	android:targetSdkVersion
		INJECTED from src/main/AndroidManifest.xml
		INJECTED from src/main/AndroidManifest.xml
	android:minSdkVersion
		INJECTED from src/main/AndroidManifest.xml
		INJECTED from src/main/AndroidManifest.xml
meta-data#com.google.android.gms.version
ADDED from [com.google.android.gms:play-services-base:6.5.87] AndroidManifest.xml:21:9-23:69
	android:value
		ADDED from [com.google.android.gms:play-services-base:6.5.87] AndroidManifest.xml:23:13-66
	android:name
		ADDED from [com.google.android.gms:play-services-base:6.5.87] AndroidManifest.xml:22:13-58
uses-permission#android.permission.ACCESS_NETWORK_STATE
ADDED from [:iotf-library-debug:] AndroidManifest.xml:12:5-79
	android:name
		ADDED from [:iotf-library-debug:] AndroidManifest.xml:12:22-76
uses-permission#android.permission.WAKE_LOCK
ADDED from [:iotf-library-debug:] AndroidManifest.xml:13:5-68
	android:name
		ADDED from [:iotf-library-debug:] AndroidManifest.xml:13:22-65
service#org.eclipse.paho.android.service.MqttService
ADDED from [:iotf-library-debug:] AndroidManifest.xml:18:9-80
	android:name
		ADDED from [:iotf-library-debug:] AndroidManifest.xml:18:18-77
uses-permission#android.permission.CHANGE_WIFI_MULTICAST_STATE
ADDED from [:app-debug:] AndroidManifest.xml:11:5-86
	android:name
		ADDED from [:app-debug:] AndroidManifest.xml:11:22-83
uses-permission#android.permission.ACCESS_WIFI_STATE
ADDED from [:app-debug:] AndroidManifest.xml:12:5-76
	android:name
		ADDED from [:app-debug:] AndroidManifest.xml:12:22-73